2013-11-29 21:55:11+0530 [-] Log opened.
2013-11-29 21:55:11+0530 [-] twistd 13.2.0 (/usr/bin/python 2.7.5) starting up.
2013-11-29 21:55:11+0530 [-] reactor class: twisted.internet.epollreactor.EPollReactor.
2013-11-29 21:55:11+0530 [-] Site starting on 6800
2013-11-29 21:55:11+0530 [-] Starting factory <twisted.web.server.Site instance at 0x1889710>
2013-11-29 21:55:11+0530 [Launcher] Scrapyd 1.0.1 started: max_proc=16, runner='scrapyd.runner'
2013-11-29 21:55:46+0530 [HTTPChannel,0,127.0.0.1] Unhandled Error
	Traceback (most recent call last):
	  File "/usr/local/lib/python2.7/dist-packages/twisted/web/http.py", line 1730, in allContentReceived
	    req.requestReceived(command, path, version)
	  File "/usr/local/lib/python2.7/dist-packages/twisted/web/http.py", line 826, in requestReceived
	    self.process()
	  File "/usr/local/lib/python2.7/dist-packages/twisted/web/server.py", line 189, in process
	    self.render(resrc)
	  File "/usr/local/lib/python2.7/dist-packages/twisted/web/server.py", line 238, in render
	    body = resrc.render(self)
	--- <exception caught here> ---
	  File "/home/manu/scrapyd/scrapyd/webservice.py", line 18, in render
	    return JsonResource.render(self, txrequest)
	  File "/usr/local/lib/python2.7/dist-packages/scrapy/utils/txweb.py", line 10, in render
	    r = resource.Resource.render(self, txrequest)
	  File "/usr/local/lib/python2.7/dist-packages/twisted/web/resource.py", line 250, in render
	    return m(request)
	  File "/home/manu/scrapyd/scrapyd/webservice.py", line 65, in render_POST
	    log("I got a deploy from %s"%project)
	exceptions.TypeError: 'module' object is not callable
	
2013-11-29 21:55:47+0530 [HTTPChannel,0,127.0.0.1] 127.0.0.1 - - [29/Nov/2013:16:25:45 +0000] "POST /addversion.json HTTP/1.1" 200 66 "-" "Python-urllib/2.7"
2013-11-29 21:56:20+0530 [-] Log opened.
2013-11-29 21:56:22+0530 [-] twistd 13.2.0 (/usr/bin/python 2.7.5) starting up.
2013-11-29 21:56:22+0530 [-] reactor class: twisted.internet.epollreactor.EPollReactor.
2013-11-29 21:56:22+0530 [-] Site starting on 6800
2013-11-29 21:56:22+0530 [-] Starting factory <twisted.web.server.Site instance at 0x322e710>
2013-11-29 21:56:22+0530 [Launcher] Scrapyd 1.0.1 started: max_proc=16, runner='scrapyd.runner'
