2013-11-30 01:25:53+0530 [scrapy] INFO: Scrapy 0.20.0 started (bot: ipchicken)
2013-11-30 01:25:53+0530 [scrapy] DEBUG: Optional features available: ssl, http11, django
2013-11-30 01:25:53+0530 [scrapy] DEBUG: Overridden settings: {'NEWSPIDER_MODULE': 'ipchicken.spiders', 'SPIDER_MODULES': ['ipchicken.spiders'], 'FEED_URI': 'file://items/ipchicken/ipspider/3ea6cd84593011e3a4969439e5a70e7f.jl', 'LOG_FILE': 'logs/ipchicken/ipspider/3ea6cd84593011e3a4969439e5a70e7f.log', 'BOT_NAME': 'ipchicken'}
2013-11-30 01:25:53+0530 [scrapy] DEBUG: Enabled extensions: FeedExporter, LogStats, TelnetConsole, CloseSpider, WebService, CoreStats, SpiderState
2013-11-30 01:25:53+0530 [scrapy] DEBUG: Enabled downloader middlewares: HttpAuthMiddleware, DownloadTimeoutMiddleware, UserAgentMiddleware, RetryMiddleware, DefaultHeadersMiddleware, MetaRefreshMiddleware, HttpCompressionMiddleware, RedirectMiddleware, CookiesMiddleware, ChunkedTransferMiddleware, DownloaderStats
2013-11-30 01:25:53+0530 [scrapy] DEBUG: Enabled spider middlewares: HttpErrorMiddleware, OffsiteMiddleware, RefererMiddleware, UrlLengthMiddleware, DepthMiddleware
2013-11-30 01:25:53+0530 [scrapy] DEBUG: Enabled item pipelines: 
2013-11-30 01:25:53+0530 [ipspider] INFO: Spider opened
2013-11-30 01:25:53+0530 [ipspider] INFO: Crawled 0 pages (at 0 pages/min), scraped 0 items (at 0 items/min)
2013-11-30 01:25:53+0530 [scrapy] DEBUG: Telnet console listening on 0.0.0.0:6023
2013-11-30 01:25:53+0530 [scrapy] DEBUG: Web service listening on 0.0.0.0:6080
2013-11-30 01:25:54+0530 [ipspider] DEBUG: Crawled (200) <GET http://www.ipchicken.com> (referer: None)
2013-11-30 01:25:54+0530 [ipspider] ERROR: Spider must return Request, BaseItem or None, got 'unicode' in <GET http://www.ipchicken.com>
2013-11-30 01:25:54+0530 [ipspider] INFO: Closing spider (finished)
2013-11-30 01:25:54+0530 [ipspider] INFO: Dumping Scrapy stats:
	{'downloader/request_bytes': 223,
	 'downloader/request_count': 1,
	 'downloader/request_method_count/GET': 1,
	 'downloader/response_bytes': 5902,
	 'downloader/response_count': 1,
	 'downloader/response_status_count/200': 1,
	 'finish_reason': 'finished',
	 'finish_time': datetime.datetime(2013, 11, 29, 19, 55, 54, 808627),
	 'log_count/DEBUG': 7,
	 'log_count/ERROR': 1,
	 'log_count/INFO': 3,
	 'response_received_count': 1,
	 'scheduler/dequeued': 1,
	 'scheduler/dequeued/memory': 1,
	 'scheduler/enqueued': 1,
	 'scheduler/enqueued/memory': 1,
	 'start_time': datetime.datetime(2013, 11, 29, 19, 55, 53, 769564)}
2013-11-30 01:25:54+0530 [ipspider] INFO: Spider closed (finished)
