2013-11-30 01:19:14+0530 [scrapy] INFO: Scrapy 0.20.0 started (bot: ipchicken)
2013-11-30 01:19:14+0530 [scrapy] DEBUG: Optional features available: ssl, http11, django
2013-11-30 01:19:14+0530 [scrapy] DEBUG: Overridden settings: {'NEWSPIDER_MODULE': 'ipchicken.spiders', 'SPIDER_MODULES': ['ipchicken.spiders'], 'FEED_URI': 'file://items/ipchicken/ipspider/51e0025e592f11e3ae589439e5a70e7f.jl', 'LOG_FILE': 'logs/ipchicken/ipspider/51e0025e592f11e3ae589439e5a70e7f.log', 'BOT_NAME': 'ipchicken'}
2013-11-30 01:19:14+0530 [scrapy] DEBUG: Enabled extensions: FeedExporter, LogStats, TelnetConsole, CloseSpider, WebService, CoreStats, SpiderState
2013-11-30 01:19:14+0530 [scrapy] DEBUG: Enabled downloader middlewares: ProxyMiddleware, HttpAuthMiddleware, DownloadTimeoutMiddleware, UserAgentMiddleware, RetryMiddleware, DefaultHeadersMiddleware, MetaRefreshMiddleware, HttpCompressionMiddleware, RedirectMiddleware, CookiesMiddleware, ChunkedTransferMiddleware, DownloaderStats
2013-11-30 01:19:14+0530 [scrapy] DEBUG: Enabled spider middlewares: HttpErrorMiddleware, OffsiteMiddleware, RefererMiddleware, UrlLengthMiddleware, DepthMiddleware
2013-11-30 01:19:14+0530 [scrapy] DEBUG: Enabled item pipelines: 
2013-11-30 01:19:14+0530 [ipspider] INFO: Spider opened
2013-11-30 01:19:14+0530 [ipspider] ERROR: Error caught on signal handler: <bound method ?.open_spider of <scrapy.contrib.feedexport.FeedExporter object at 0x19fb190>>
	Traceback (most recent call last):
	  File "/usr/local/lib/python2.7/dist-packages/twisted/internet/defer.py", line 1099, in _inlineCallbacks
	    result = g.send(result)
	  File "/usr/local/lib/python2.7/dist-packages/scrapy/core/engine.py", line 229, in open_spider
	    yield self.signals.send_catch_log_deferred(signals.spider_opened, spider=spider)
	  File "/usr/local/lib/python2.7/dist-packages/scrapy/signalmanager.py", line 23, in send_catch_log_deferred
	    return signal.send_catch_log_deferred(*a, **kw)
	  File "/usr/local/lib/python2.7/dist-packages/scrapy/utils/signal.py", line 53, in send_catch_log_deferred
	    *arguments, **named)
	--- <exception caught here> ---
	  File "/usr/local/lib/python2.7/dist-packages/twisted/internet/defer.py", line 139, in maybeDeferred
	    result = f(*args, **kw)
	  File "/usr/local/lib/python2.7/dist-packages/scrapy/xlib/pydispatch/robustapply.py", line 54, in robustApply
	    return receiver(*arguments, **named)
	  File "/usr/local/lib/python2.7/dist-packages/scrapy/contrib/feedexport.py", line 171, in open_spider
	    file = storage.open(spider)
	  File "/usr/local/lib/python2.7/dist-packages/scrapy/contrib/feedexport.py", line 75, in open
	    os.makedirs(dirname)
	  File "/usr/lib/python2.7/os.py", line 150, in makedirs
	    makedirs(head, mode)
	  File "/usr/lib/python2.7/os.py", line 157, in makedirs
	    mkdir(name, mode)
	exceptions.OSError: [Errno 13] Permission denied: '/ipchicken'
	
2013-11-30 01:19:14+0530 [ipspider] INFO: Crawled 0 pages (at 0 pages/min), scraped 0 items (at 0 items/min)
2013-11-30 01:19:14+0530 [scrapy] DEBUG: Telnet console listening on 0.0.0.0:6024
2013-11-30 01:19:14+0530 [scrapy] DEBUG: Web service listening on 0.0.0.0:6081
2013-11-30 01:20:14+0530 [ipspider] INFO: Crawled 0 pages (at 0 pages/min), scraped 0 items (at 0 items/min)
2013-11-30 01:20:18+0530 [scrapy] INFO: Received SIGINT, shutting down gracefully. Send again to force 
2013-11-30 01:20:18+0530 [ipspider] INFO: Closing spider (shutdown)
2013-11-30 01:21:14+0530 [ipspider] INFO: Crawled 0 pages (at 0 pages/min), scraped 0 items (at 0 items/min)
2013-11-30 01:21:21+0530 [ipspider] DEBUG: Retrying <GET http://www.ipchicken.com> (failed 1 times): TCP connection timed out: 110: Connection timed out.
2013-11-30 01:21:25+0530 [ipspider] ERROR: Error caught on signal handler: <bound method ?.close_spider of <scrapy.contrib.feedexport.FeedExporter object at 0x19fb190>>
	Traceback (most recent call last):
	  File "/usr/local/lib/python2.7/dist-packages/twisted/internet/defer.py", line 577, in _runCallbacks
	    current.result = callback(current.result, *args, **kw)
	  File "/usr/local/lib/python2.7/dist-packages/scrapy/core/engine.py", line 272, in <lambda>
	    spider=spider, reason=reason, spider_stats=self.crawler.stats.get_stats()))
	  File "/usr/local/lib/python2.7/dist-packages/scrapy/signalmanager.py", line 23, in send_catch_log_deferred
	    return signal.send_catch_log_deferred(*a, **kw)
	  File "/usr/local/lib/python2.7/dist-packages/scrapy/utils/signal.py", line 53, in send_catch_log_deferred
	    *arguments, **named)
	--- <exception caught here> ---
	  File "/usr/local/lib/python2.7/dist-packages/twisted/internet/defer.py", line 139, in maybeDeferred
	    result = f(*args, **kw)
	  File "/usr/local/lib/python2.7/dist-packages/scrapy/xlib/pydispatch/robustapply.py", line 54, in robustApply
	    return receiver(*arguments, **named)
	  File "/usr/local/lib/python2.7/dist-packages/scrapy/contrib/feedexport.py", line 177, in close_spider
	    slot = self.slot
	exceptions.AttributeError: 'FeedExporter' object has no attribute 'slot'
	
2013-11-30 01:21:25+0530 [ipspider] INFO: Dumping Scrapy stats:
	{'downloader/exception_count': 1,
	 'downloader/exception_type_count/twisted.internet.error.TCPTimedOutError': 1,
	 'downloader/request_bytes': 223,
	 'downloader/request_count': 1,
	 'downloader/request_method_count/GET': 1,
	 'finish_reason': 'shutdown',
	 'finish_time': datetime.datetime(2013, 11, 29, 19, 51, 25, 160792),
	 'log_count/DEBUG': 7,
	 'log_count/ERROR': 2,
	 'log_count/INFO': 6,
	 'scheduler/dequeued': 1,
	 'scheduler/dequeued/memory': 1,
	 'scheduler/enqueued': 2,
	 'scheduler/enqueued/memory': 2,
	 'start_time': datetime.datetime(2013, 11, 29, 19, 49, 14, 597219)}
2013-11-30 01:21:25+0530 [ipspider] INFO: Spider closed (shutdown)
